number,value,datetime_start,datetime_complete,duration,params_cat_class_weight_0_cb,params_cat_depth,params_cat_iterations,params_cat_l2_leaf_reg,params_cat_learning_rate,params_rf_max_depth,params_rf_min_samples_leaf,params_rf_n_estimators,params_smote_k_neighbors,params_w_cat,params_w_rf,params_w_xgb,params_xgb_learning_rate,params_xgb_max_depth,params_xgb_n_estimators,state
161,0.5106841886210204,2025-05-07 18:39:10.633858,2025-05-07 18:39:19.749693,0 days 00:00:09.115835,0.8259897069356856,6,200,3.1647558224440115,0.021947559784509386,12,5,175,3,0.16452902489260862,0.5689631083013068,2.237353544174653,0.041226430706345456,8,200,COMPLETE
162,0.5221797890019083,2025-05-07 18:39:19.749825,2025-05-07 18:39:24.734505,0 days 00:00:04.984680,0.5131092721004926,6,200,3.1494982813837544,0.024046019564345638,12,5,175,1,0.2236500399665141,0.47848959300563954,2.3568628936961757,0.042791662975180424,8,200,COMPLETE
163,0.5219567301994553,2025-05-07 18:39:24.734650,2025-05-07 18:39:34.607012,0 days 00:00:09.872362,0.7720712892609213,6,200,2.89121432677703,0.01923909062326486,12,5,175,1,0.2948659016438408,0.33843659972525386,2.2631937077737723,0.051630846512822626,8,200,COMPLETE
164,0.5202685912394786,2025-05-07 18:39:34.607146,2025-05-07 18:39:39.183912,0 days 00:00:04.576766,0.9218994758563355,5,200,2.5259493037848304,0.025329542336183286,11,5,175,1,0.3459256601201279,0.5022614438923767,2.169483864765904,0.04820303173271078,8,200,COMPLETE
165,0.5202260989016064,2025-05-07 18:39:39.184041,2025-05-07 18:39:47.588263,0 days 00:00:08.404222,0.6283029814821166,6,125,3.0017533037504593,0.020910867438746813,12,6,175,1,0.1621794688424286,0.6107168459181667,2.115895590446775,0.0404022669428032,8,200,COMPLETE
166,0.5202707239018313,2025-05-07 18:39:47.588398,2025-05-07 18:39:52.490306,0 days 00:00:04.901908,0.8229048234774801,6,200,5.482353659897139,0.023807937951354302,12,5,175,1,0.24977067083950066,0.41207703517825767,2.2293957836455705,0.04448209570601999,8,200,COMPLETE
167,0.5230659791449402,2025-05-07 18:39:52.490442,2025-05-07 18:39:58.058495,0 days 00:00:05.568053,1.1288981051480445,6,200,2.616775371762142,0.021353495045303317,11,6,175,1,0.3359200088972072,0.23514618330565396,2.330407698405802,0.04212244714312613,8,200,COMPLETE
168,0.5236380269324737,2025-05-07 18:39:58.058633,2025-05-07 18:40:06.111148,0 days 00:00:08.052515,0.7393583746392931,6,200,3.252796586799624,0.011056456907281286,12,5,175,1,0.15062134048499892,0.35274763274219084,2.183174747934746,0.037819580286910015,8,200,COMPLETE
169,0.5168685991989096,2025-05-07 18:40:06.111288,2025-05-07 18:40:10.085990,0 days 00:00:03.974702,0.5947534713322384,6,200,3.986930382886299,0.019590174103579737,11,5,175,1,0.1378386230730732,0.3080290106950375,2.173738724833579,0.03743742413545476,5,200,COMPLETE
170,0.5201345568074537,2025-05-07 18:40:10.086136,2025-05-07 18:40:19.013670,0 days 00:00:08.927534,0.701283148670045,6,125,3.294137280484534,0.01199918516641609,10,6,175,1,0.19672181136862468,0.3708897625339863,2.0780519005460296,0.04649442109553469,8,200,COMPLETE
171,0.5201900008573604,2025-05-07 18:40:19.013805,2025-05-07 18:40:23.824276,0 days 00:00:04.810471,0.9181257885524642,6,200,2.3215541812636786,0.022953813296256727,12,5,175,1,0.263645034691178,0.4575971532628067,2.252473401094015,0.039663859832979265,8,200,COMPLETE
172,0.5242067832388709,2025-05-07 18:40:23.824410,2025-05-07 18:40:33.014542,0 days 00:00:09.190132,0.764225070736359,6,200,3.2040451611133096,0.021460196295984453,12,5,175,1,0.10031504527032854,0.5539658644615327,2.2847232947059593,0.04323177484412926,8,200,COMPLETE
173,0.5234344925283052,2025-05-07 18:40:33.014669,2025-05-07 18:40:38.089942,0 days 00:00:05.075273,1.0435720074740773,6,200,3.1580945934203304,0.012107198669422174,12,5,175,1,0.14446160770957459,0.2675154251938625,2.397859448427368,0.04407175123430921,8,200,COMPLETE
174,0.5181702808394363,2025-05-07 18:40:38.090073,2025-05-07 18:40:46.896190,0 days 00:00:08.806117,0.6365518693057596,6,200,5.662479222253437,0.021945934782978262,12,5,175,1,0.10627951496665253,0.3900456669596922,2.1290190948075507,0.048597080319277536,8,200,COMPLETE
175,0.5202411134981336,2025-05-07 18:40:46.896323,2025-05-07 18:40:51.747341,0 days 00:00:04.851018,0.5093161347896905,6,200,4.944432547021793,0.01100558234490098,12,5,175,1,0.19215831613835033,0.3261377735066488,2.1938242361634672,0.03926178672442999,8,200,COMPLETE
176,0.519624845391608,2025-05-07 18:40:51.747478,2025-05-07 18:40:56.598564,0 days 00:00:04.851086,0.7471889175801498,6,200,3.621144630639646,0.013990289132685777,11,5,175,1,2.277887903134132,0.487088894926752,1.9648377063358193,0.043622143855767535,8,200,COMPLETE
177,0.5264500397927542,2025-05-07 18:40:56.598705,2025-05-07 18:41:06.012985,0 days 00:00:09.414280,0.8779721519818924,6,200,4.677715345838306,0.010069205138270046,12,10,175,1,0.21265778455682738,0.21676045066189112,2.296750521648279,0.04167231182026489,8,200,COMPLETE
178,0.5235122727318166,2025-05-07 18:41:06.013120,2025-05-07 18:41:11.147300,0 days 00:00:05.134180,0.8721346017771039,6,200,3.0499189411959278,0.01094227604024973,12,5,175,1,0.15536910633557754,0.21820494505743865,2.3111925590576856,0.04105711866776649,8,200,COMPLETE
179,0.5125551221442914,2025-05-07 18:41:11.147436,2025-05-07 18:41:20.650134,0 days 00:00:09.502698,0.9619274977289021,6,200,4.72301597768968,0.01803893160565442,12,10,175,1,0.10105502047263942,0.1978277659778377,0.39080363558968134,0.04604669606655024,8,200,COMPLETE
180,0.5190215124130803,2025-05-07 18:41:20.650263,2025-05-07 18:41:25.765729,0 days 00:00:05.115466,1.056716746412908,6,200,5.3283405037055145,0.010146857504388953,12,4,175,1,0.22155074004023323,0.290755476662001,2.4633173825352395,0.03805009234842794,8,200,COMPLETE
181,0.5218615616318532,2025-05-07 18:41:25.765865,2025-05-07 18:41:34.240933,0 days 00:00:08.475068,0.7178048440644087,4,200,4.276200800183087,0.010182606728584608,12,9,175,1,0.209634808996914,0.42654472101299534,2.3530173921108757,0.04265011231881332,8,200,COMPLETE
182,0.5203646104463804,2025-05-07 18:41:34.241065,2025-05-07 18:41:38.952703,0 days 00:00:04.711638,0.6286680899229775,6,200,5.80323799999396,0.020439783099826362,11,10,175,1,0.3347310738860894,0.36918245244901876,2.1991892864580844,0.04492622967310319,8,200,COMPLETE
183,0.5190415141296737,2025-05-07 18:41:38.952861,2025-05-07 18:41:48.166266,0 days 00:00:09.213405,0.8553179124137207,6,200,5.030335406498958,0.01052402725633115,10,5,175,1,0.16616939706152792,0.5201906188948445,2.2706302616060374,0.04993807251028145,8,200,COMPLETE
184,0.5187936148573487,2025-05-07 18:41:48.166410,2025-05-07 18:41:52.577404,0 days 00:00:04.410994,0.5836973703840589,6,200,3.826100971555065,0.011453834139489761,12,5,125,1,0.2666398649905658,0.3407185739724098,2.084067501224914,0.04041607803074661,8,200,COMPLETE
185,0.5194149211497394,2025-05-07 18:41:52.577535,2025-05-07 18:41:57.555197,0 days 00:00:04.977662,0.7485013343999907,6,200,4.595906870302314,0.02163431818694289,10,5,175,1,0.20925380582272182,0.44663108362104803,2.1395181174608062,0.047065580185515994,8,200,COMPLETE
186,0.5227198026442416,2025-05-07 18:41:57.555337,2025-05-07 18:42:09.263871,0 days 00:00:11.708534,2.1146939893516294,8,200,3.2464017639224734,0.02336088031851347,9,2,175,1,0.10350448982845224,0.25432456291663,2.223979624402033,0.04244666042233934,8,200,COMPLETE
187,0.5214963889202521,2025-05-07 18:42:09.264001,2025-05-07 18:42:22.072460,0 days 00:00:12.808459,0.9133037558931819,8,200,5.2955015056508,0.020017734448495365,12,6,175,1,0.3096426548758753,0.3864439418097596,2.0341152715140445,0.0448381612978158,8,200,COMPLETE
188,0.5208370378600503,2025-05-07 18:42:22.072603,2025-05-07 18:42:26.786037,0 days 00:00:04.713434,0.6673783641099242,6,200,4.188878194123091,0.015462262396932365,10,5,175,1,0.2446854188830861,0.617141193454494,2.408165096727809,0.039200765200861146,8,200,COMPLETE
189,0.5177749349909263,2025-05-07 18:42:26.786181,2025-05-07 18:42:38.980508,0 days 00:00:12.194327,1.0031011014577702,8,200,4.788918094041555,0.022406543017055844,9,4,150,1,0.38819799960791396,0.31347138820053866,2.297419575639683,0.05332293179079793,8,200,COMPLETE
190,0.5190617727811085,2025-05-07 18:42:38.980640,2025-05-07 18:42:51.287333,0 days 00:00:12.306693,0.5019825656882133,8,200,2.8314644382425427,0.09037691308803272,11,6,175,1,0.18518043671159062,0.17262991013541762,2.1505718899529906,0.03719054400024681,8,200,COMPLETE
191,0.522135253638243,2025-05-07 18:42:51.287461,2025-05-07 18:42:56.199115,0 days 00:00:04.911654,0.8566276404154094,6,200,3.003115580320421,0.01051932560885701,12,5,175,1,0.1620937805763337,0.22147076380150416,2.3237351990196915,0.041017310725553154,8,200,COMPLETE
192,0.5240835023190304,2025-05-07 18:42:56.199246,2025-05-07 18:43:05.558733,0 days 00:00:09.359487,0.794037436652436,6,200,3.15570797193689,0.01106164228753414,12,6,175,1,0.10003682014819966,0.23795717728978583,2.2879156506220375,0.041601982856098216,8,200,COMPLETE
193,0.523817138995823,2025-05-07 18:43:05.558866,2025-05-07 18:43:10.477072,0 days 00:00:04.918206,0.7934821581302234,6,200,3.3147664882564483,0.0119517084694209,12,6,175,1,0.14273246444900037,0.41509836272855,2.22944646576232,0.04361071147889877,8,200,COMPLETE
194,0.5229762853655265,2025-05-07 18:43:10.477201,2025-05-07 18:43:20.057015,0 days 00:00:09.579814,1.1638582934446913,6,200,3.367271689492067,0.011883779813321454,12,6,175,1,0.1418150531100082,0.4743141696585749,2.238224670600618,0.043752332604394956,8,200,COMPLETE
195,0.5244402421889552,2025-05-07 18:43:20.057157,2025-05-07 18:43:24.985093,0 days 00:00:04.927936,0.788864525943483,6,200,3.0755604673476418,0.012871168663210388,12,6,175,1,0.25691408741196475,0.3025682279684453,2.35177047053716,0.04637658101261438,8,200,COMPLETE
196,0.5164480047061405,2025-05-07 18:43:24.985244,2025-05-07 18:43:33.989850,0 days 00:00:09.004606,0.7882231152065791,6,200,3.1930674674794806,0.01257865236884199,12,6,175,1,0.31404574758255366,0.28367929609642795,2.3666743596034525,0.0471270523079663,8,200,COMPLETE
197,0.5189439636453945,2025-05-07 18:43:33.989983,2025-05-07 18:43:38.698588,0 days 00:00:04.708605,1.8913290304012413,6,200,2.902128222058294,0.011392433898088118,12,6,175,1,0.2548945594770612,2.9012473434052444,2.5152995736745627,0.04966903004916821,8,200,COMPLETE
198,0.5217081534635087,2025-05-07 18:43:38.698726,2025-05-07 18:43:47.444664,0 days 00:00:08.745938,0.953780824854305,6,200,3.0386707891018894,0.013163132695807591,12,6,175,1,0.10140870015737749,0.3266497022639947,2.425754260272769,0.0454814329681459,8,200,COMPLETE
199,0.526675334377578,2025-05-07 18:43:47.444796,2025-05-07 18:43:52.442358,0 days 00:00:04.997562,0.7874350059829663,6,200,3.3608508350154103,0.010672483420352473,12,6,175,1,0.2253283976277165,0.43002197953852,2.2705762455714833,0.042639499227945354,8,200,COMPLETE
