number,value,datetime_start,datetime_complete,duration,params_cat_class_weight_0_cb,params_cat_depth,params_cat_iterations,params_cat_l2_leaf_reg,params_cat_learning_rate,params_lgbm_colsample_bytree,params_lgbm_learning_rate,params_lgbm_max_depth,params_lgbm_n_estimators,params_lgbm_num_leaves,params_lgbm_reg_alpha,params_lgbm_reg_lambda,params_lgbm_scale_pos_weight,params_rf_max_depth,params_rf_min_samples_leaf,params_rf_n_estimators,params_smote_k_neighbors,params_w_cat,params_w_lgbm,params_w_rf,params_w_xgb,params_xgb_learning_rate,params_xgb_max_depth,params_xgb_n_estimators,params_xgb_scale_pos_weight,state
154,0.5214641189260997,2025-05-07 23:36:54.981717,2025-05-07 23:37:11.496034,0 days 00:00:16.514317,7.589590721867055,8,75,4.4408637127549815,0.12144001083045004,0.5809417212852256,0.016981253209598052,7,50,20,6.543698707877153,0.02718888100158398,1.1464784001408488,11,10,200,5,1.5903393810556543,0.33291029485044116,0.7158184603143963,1.7135442304516275,0.006268579946584296,10,100,0.815259823345273,COMPLETE
155,0.5213654136226974,2025-05-07 23:37:11.496191,2025-05-07 23:37:27.835131,0 days 00:00:16.338940,7.62688933821279,8,75,4.534715514968612,0.12154190065707776,0.5812761354656529,0.02278659380719324,7,50,20,3.465174110370192,0.02810323115687195,1.8142254218188865,11,10,200,5,1.606049687189781,0.32267302374746054,0.6591396690826863,1.6976813496675431,0.006080425185263753,10,100,0.7150842461545528,COMPLETE
156,0.5151432831886485,2025-05-07 23:37:27.835283,2025-05-07 23:37:44.246398,0 days 00:00:16.411115,7.866799833550311,8,75,5.026652910675045,0.12494921389270403,0.5884004094926906,0.016320584145528404,7,50,20,3.617040423131363,0.025705812788908388,1.2133536019310565,11,10,200,5,1.6074150248438313,0.326454641819118,0.6445250926678058,1.7022960339319035,0.006114212900379444,10,100,0.6090596521892252,COMPLETE
157,0.5194065909409372,2025-05-07 23:37:44.246554,2025-05-07 23:38:01.018949,0 days 00:00:16.772395,7.592285822636537,8,75,4.447548022037943,0.13973835168453227,0.5789789949308207,0.023067367446227907,7,50,10,6.278429998784705,0.017393426281976623,1.8289849898621013,10,10,200,5,1.7020667462990313,0.37828723074649956,0.7465020362575732,1.6758013264266916,0.005766563175132267,10,100,0.8958308204707202,COMPLETE
158,0.516116442989289,2025-05-07 23:38:01.019112,2025-05-07 23:38:14.429222,0 days 00:00:13.410110,7.424229389814133,8,75,4.363012824372915,0.12042919941536331,0.5674857537040318,0.020231738109542225,7,50,15,1.7019939109610043,0.03269976148036902,0.5225665228803894,11,11,200,5,1.5578890986758378,0.24367125348840823,0.642712310815496,1.7300777140641124,0.005433573626457388,10,75,0.6852911591020997,COMPLETE
159,0.5214180132222314,2025-05-07 23:38:14.429381,2025-05-07 23:38:31.543620,0 days 00:00:17.114239,6.905199249430846,8,75,5.488781219112196,0.14250592916810115,0.5834117456472887,0.025938489886668515,7,50,18,1.9550377048078451,0.04495655676827974,1.3829940361092328,12,10,200,5,1.5857252441499532,0.31838005453866164,0.5896233691221652,1.85407277661641,0.005002004425400943,10,100,1.175242004765501,COMPLETE
160,0.5208068557734921,2025-05-07 23:38:31.543788,2025-05-07 23:38:48.660904,0 days 00:00:17.117116,7.728913330964423,8,75,5.5271033643643905,0.14949634927161567,0.6159585341840209,0.017812153687205092,7,50,12,5.466304540707272,0.04690893797919724,1.3419078575829544,12,11,175,5,1.6790170125957578,0.1388982883321823,0.6979213533732663,1.8439277027973295,0.005092832722808746,10,100,1.1574188672355394,COMPLETE
161,0.5179604176168139,2025-05-07 23:38:48.661068,2025-05-07 23:39:04.870013,0 days 00:00:16.208945,7.60096134886569,8,75,5.328433833743151,0.14148206606849234,0.6322721442357917,0.017773782588876633,7,50,13,4.980959484654356,0.048705764836302005,1.4503182635139313,12,11,175,5,1.6823338374101482,0.08008498947943127,0.585802547637182,1.860115955265139,0.005012385988400029,10,100,1.2017555063179695,COMPLETE
162,0.517606748081549,2025-05-07 23:39:04.870268,2025-05-07 23:39:21.292557,0 days 00:00:16.422289,7.795421737874747,8,75,5.549047500457254,0.14661851767520484,0.6146272919143988,0.025434995690812257,7,50,17,2.930887414237457,0.061008778494463886,1.6650972259525538,12,10,200,5,1.604270259010654,0.13568942383645333,0.7086465202084764,1.838151891733372,0.005601987690713575,10,100,1.5562339791928284,COMPLETE
163,0.5209958641495563,2025-05-07 23:39:21.292717,2025-05-07 23:39:40.942143,0 days 00:00:19.649426,7.129022967982114,8,75,6.261849285431902,0.13152061831934508,0.5920492997744504,0.026215713541355812,7,50,10,9.747619433883404,0.08421226305828881,1.2087559559867485,12,10,200,5,1.7926511559559695,0.28869680888288357,0.5880358304248441,1.7730360347551006,0.005325513223536731,10,100,0.7644061420428692,COMPLETE
164,0.5194546663017522,2025-05-07 23:39:40.942307,2025-05-07 23:40:03.750085,0 days 00:00:22.807778,7.182702866513963,8,75,5.991728095914812,0.129716818449983,0.5937806944288926,0.021825109828725337,7,50,11,4.649297040473495,0.041366149335577404,0.7413442053135185,12,11,200,5,1.7957354017195197,0.20021658108951607,0.5931562634471652,1.8037072403994059,0.006461476020858717,10,100,0.8058541823086015,COMPLETE
165,0.5177718053203715,2025-05-07 23:40:03.750255,2025-05-07 23:40:28.874399,0 days 00:00:25.124144,7.953923595571763,8,75,6.097788459336251,0.10924394198838175,0.5593213398201385,0.024025328749943158,7,50,21,8.53756285891453,0.0868860429170383,0.9876864016793844,12,10,175,5,1.7954394606402682,0.28077985693268137,0.6838863214409405,1.7710902452132173,0.00525306700252162,10,100,0.5113433992558774,COMPLETE
166,0.5195495347541293,2025-05-07 23:40:28.874566,2025-05-07 23:40:47.701416,0 days 00:00:18.826850,7.686618205482218,8,75,4.936645429990263,0.13608650005578482,0.5816645868061506,0.012044910809263993,7,50,17,6.278053395115846,0.022082252556347007,1.3075724537169253,12,9,200,5,1.657938860811772,0.3199346513993099,0.7141831329156255,1.8686908291508921,0.00609482371888313,10,100,1.019354046556805,COMPLETE
167,0.0,2025-05-07 23:40:47.701584,2025-05-07 23:41:04.565631,0 days 00:00:16.864047,6.963045343881061,8,75,7.230193411472315,0.11674828643469293,0.573612693402869,0.019495894784587315,7,50,10,7.2250690645240265,0.07530126584686976,1.0390519861071297,11,10,200,5,1.5172024023807906,0.14553490385575632,0.5215550496737957,0.07619261575326519,0.005359161892245468,10,75,1.1942200142582349,COMPLETE
168,0.5215825947506939,2025-05-07 23:41:04.565883,2025-05-07 23:41:30.048750,0 days 00:00:25.482867,7.201553645089821,8,225,4.0137402651399,0.12882970437308752,0.5962155954322044,0.02710672235905701,7,50,13,9.453649370032625,0.05369733863526513,0.522347571275409,12,11,200,5,1.4490652995189424,0.441033970551522,0.8436030418981408,1.8356029378025789,0.005026700198371408,10,100,0.7844718112578692,COMPLETE
169,0.5157840709129801,2025-05-07 23:41:30.048922,2025-05-07 23:41:57.772165,0 days 00:00:27.723243,7.1020724199215515,8,250,3.8146289940648392,0.1300700967915394,0.6079167911362413,0.027210167316471735,7,50,15,3.062163666148522,0.11695277881907766,0.7081473892474126,12,11,200,5,1.8833799742905777,0.4129816781104999,0.8502082149322739,1.926232929984433,0.005042744128952164,10,100,0.6607967362331646,COMPLETE
170,0.0,2025-05-07 23:41:57.772326,2025-05-07 23:42:17.560331,0 days 00:00:19.788005,7.274251860799147,5,225,4.051571724387792,0.10486446209699911,0.5967261963129278,0.031069248997917444,7,50,13,8.870196860120876,0.16515077286056998,0.8488832331182673,12,11,200,5,1.447683104708677,0.4492257355953993,0.6222264591920822,1.869845712007603,0.006930071399788427,10,100,0.7744647895889815,COMPLETE
171,0.5236170103888584,2025-05-07 23:42:17.560499,2025-05-07 23:42:44.119933,0 days 00:00:26.559434,6.869256813268731,8,225,3.630114760227257,0.12221788458477532,0.5920803517390815,0.02552806822992819,7,50,22,5.103640064853098,0.03285939143401058,0.5059484287902464,11,10,200,5,1.7595985433425916,0.3795182932957614,0.8067456628109474,1.835132493670417,0.0058307368020043115,10,100,4.888610682405405,COMPLETE
172,0.0,2025-05-07 23:42:44.120090,2025-05-07 23:43:10.955184,0 days 00:00:26.835094,6.900242482750692,8,225,3.7067536984188583,0.13982969597618924,0.5938640586080052,0.025284364454630243,7,50,21,2.264313990210048,0.052533416875036223,0.7589650978692757,11,10,200,5,1.7234824936151714,0.2517133218555167,0.8044003088079473,1.8323560551719786,0.005379583475117864,10,100,5.873878096157832,COMPLETE
173,0.0,2025-05-07 23:43:10.955346,2025-05-07 23:43:34.316497,0 days 00:00:23.361151,7.097957075525125,8,225,4.046478954175493,0.12915230907441955,0.6084628876172784,0.020716683554567468,7,50,10,4.740632445422127,0.0332080993643954,0.503886127903389,12,11,200,5,1.8298685205182328,0.38807599528811487,0.985011106944069,1.7829008062250775,0.005010636628808744,10,100,4.6986801640048,COMPLETE
174,0.5193183662235561,2025-05-07 23:43:34.316666,2025-05-07 23:43:59.854628,0 days 00:00:25.537962,7.32552932995886,8,225,5.439454676211346,0.11269552402247729,0.6337532479778979,0.026943921294313777,7,50,17,9.79843934417735,0.03924922189423768,1.1291435620026493,12,10,200,5,1.4932716628921594,0.4330446230485428,1.0387022132760995,1.8448786594639763,0.0063571817013365565,10,100,3.7331303945731036,COMPLETE
175,0.0,2025-05-07 23:43:59.854793,2025-05-07 23:44:27.068605,0 days 00:00:27.213812,6.811715723252285,8,225,6.639993538225234,0.12154806238913055,0.6234625407598645,0.02435677138981995,7,50,23,5.568035706248839,0.005328231746739112,0.937417476482316,11,9,175,5,1.759534462018269,0.30132400575316953,0.7421063121278527,1.9169471871108283,0.005838842875793725,10,100,5.11215284479156,COMPLETE
176,0.5248268061055493,2025-05-07 23:44:27.068766,2025-05-07 23:44:46.676448,0 days 00:00:19.607682,7.1675852724704034,8,75,3.463839013345681,0.13253697004923,0.5977487051301041,0.01640418499346621,8,50,14,7.41726350629984,0.023806004807673153,1.4329400167619406,12,10,200,5,1.40624242840279,0.47477874594059105,0.8753242779658833,1.81711213250632,0.005560627896451578,10,100,1.3174921138764193,COMPLETE
